build/app/intermediates/manifest_merge_blame_file/release/manifest-merger-blame-release-report.txt
1<?xml version="1.0" encoding="utf-8"?>
2<manifest xmlns:android="http://schemas.android.com/apk/res/android"
3    package="com.alhasani.onesignalflutter"
4    android:versionCode="1"
5    android:versionName="1.0.0" >
6
7    <uses-sdk
8        android:minSdkVersion="16"
8-->src/main/AndroidManifest.xml
9        android:targetSdkVersion="30" />
9-->src/main/AndroidManifest.xml
10    <!-- Create a unique permission for your app and use it so only your app can receive your OneSignal messages. -->
11    <permission
11-->[com.onesignal:OneSignal:4.4.0] AndroidManifest.xml:7:5-9:47
12        android:name="com.alhasani.onesignalflutter.permission.C2D_MESSAGE"
12-->[com.onesignal:OneSignal:4.4.0] AndroidManifest.xml:8:9-63
13        android:protectionLevel="signature" />
13-->[com.onesignal:OneSignal:4.4.0] AndroidManifest.xml:9:9-44
14
15    <uses-permission android:name="com.alhasani.onesignalflutter.permission.C2D_MESSAGE" /> <!-- OneSignal SDK has runtime checks Android version. -->
15-->[com.onesignal:OneSignal:4.4.0] AndroidManifest.xml:11:5-79
15-->[com.onesignal:OneSignal:4.4.0] AndroidManifest.xml:11:22-76
16    <!-- <uses-sdk tools:overrideLibrary="android.support.customtabs"/> -->
17    <!-- Required so the device can access the internet. -->
18    <uses-permission android:name="android.permission.INTERNET" /> <!-- c2dm RECEIVE are basic requirements for push messages through Google's FCM -->
18-->[com.onesignal:OneSignal:4.4.0] AndroidManifest.xml:16:5-67
18-->[com.onesignal:OneSignal:4.4.0] AndroidManifest.xml:16:22-64
19    <uses-permission android:name="com.google.android.c2dm.permission.RECEIVE" /> <!-- Required, makes sure notifications are delivered on time. -->
19-->[com.onesignal:OneSignal:4.4.0] AndroidManifest.xml:17:5-82
19-->[com.onesignal:OneSignal:4.4.0] AndroidManifest.xml:17:22-79
20    <uses-permission android:name="android.permission.WAKE_LOCK" />
20-->[com.onesignal:OneSignal:4.4.0] AndroidManifest.xml:18:5-68
20-->[com.onesignal:OneSignal:4.4.0] AndroidManifest.xml:18:22-65
21    <!--
22 Required so the device vibrates on receiving a push notification.
23         Vibration settings of the device still apply.
24    -->
25    <uses-permission android:name="android.permission.VIBRATE" />
25-->[com.onesignal:OneSignal:4.4.0] AndroidManifest.xml:23:5-66
25-->[com.onesignal:OneSignal:4.4.0] AndroidManifest.xml:23:22-63
26    <uses-permission android:name="android.permission.ACCESS_NETWORK_STATE" />
26-->[com.onesignal:OneSignal:4.4.0] AndroidManifest.xml:24:5-79
26-->[com.onesignal:OneSignal:4.4.0] AndroidManifest.xml:24:22-76
27    <!--
28 Use to restore notifications the user hasn't interacted with.
29         They could be missed notifications if the user reboots their device if this isn't in place.
30    -->
31    <uses-permission android:name="android.permission.RECEIVE_BOOT_COMPLETED" /> <!-- START: ShortcutBadger -->
31-->[com.onesignal:OneSignal:4.4.0] AndroidManifest.xml:29:5-81
31-->[com.onesignal:OneSignal:4.4.0] AndroidManifest.xml:29:22-78
32    <!-- Samsung -->
33    <uses-permission android:name="com.sec.android.provider.badge.permission.READ" />
33-->[com.onesignal:OneSignal:4.4.0] AndroidManifest.xml:31:5-86
33-->[com.onesignal:OneSignal:4.4.0] AndroidManifest.xml:31:22-83
34    <uses-permission android:name="com.sec.android.provider.badge.permission.WRITE" /> <!-- HTC -->
34-->[com.onesignal:OneSignal:4.4.0] AndroidManifest.xml:32:5-87
34-->[com.onesignal:OneSignal:4.4.0] AndroidManifest.xml:32:22-84
35    <uses-permission android:name="com.htc.launcher.permission.READ_SETTINGS" />
35-->[com.onesignal:OneSignal:4.4.0] AndroidManifest.xml:33:5-81
35-->[com.onesignal:OneSignal:4.4.0] AndroidManifest.xml:33:22-78
36    <uses-permission android:name="com.htc.launcher.permission.UPDATE_SHORTCUT" /> <!-- Sony -->
36-->[com.onesignal:OneSignal:4.4.0] AndroidManifest.xml:34:5-83
36-->[com.onesignal:OneSignal:4.4.0] AndroidManifest.xml:34:22-80
37    <uses-permission android:name="com.sonyericsson.home.permission.BROADCAST_BADGE" />
37-->[com.onesignal:OneSignal:4.4.0] AndroidManifest.xml:35:5-88
37-->[com.onesignal:OneSignal:4.4.0] AndroidManifest.xml:35:22-85
38    <uses-permission android:name="com.sonymobile.home.permission.PROVIDER_INSERT_BADGE" /> <!-- Apex -->
38-->[com.onesignal:OneSignal:4.4.0] AndroidManifest.xml:36:5-92
38-->[com.onesignal:OneSignal:4.4.0] AndroidManifest.xml:36:22-89
39    <uses-permission android:name="com.anddoes.launcher.permission.UPDATE_COUNT" /> <!-- Solid -->
39-->[com.onesignal:OneSignal:4.4.0] AndroidManifest.xml:37:5-84
39-->[com.onesignal:OneSignal:4.4.0] AndroidManifest.xml:37:22-81
40    <uses-permission android:name="com.majeur.launcher.permission.UPDATE_BADGE" /> <!-- Huawei -->
40-->[com.onesignal:OneSignal:4.4.0] AndroidManifest.xml:38:5-83
40-->[com.onesignal:OneSignal:4.4.0] AndroidManifest.xml:38:22-80
41    <uses-permission android:name="com.huawei.android.launcher.permission.CHANGE_BADGE" />
41-->[com.onesignal:OneSignal:4.4.0] AndroidManifest.xml:39:5-91
41-->[com.onesignal:OneSignal:4.4.0] AndroidManifest.xml:39:22-88
42    <uses-permission android:name="com.huawei.android.launcher.permission.READ_SETTINGS" />
42-->[com.onesignal:OneSignal:4.4.0] AndroidManifest.xml:40:5-92
42-->[com.onesignal:OneSignal:4.4.0] AndroidManifest.xml:40:22-89
43    <uses-permission android:name="com.huawei.android.launcher.permission.WRITE_SETTINGS" /> <!-- ZUK -->
43-->[com.onesignal:OneSignal:4.4.0] AndroidManifest.xml:41:5-93
43-->[com.onesignal:OneSignal:4.4.0] AndroidManifest.xml:41:22-90
44    <uses-permission android:name="android.permission.READ_APP_BADGE" /> <!-- OPPO -->
44-->[com.onesignal:OneSignal:4.4.0] AndroidManifest.xml:42:5-73
44-->[com.onesignal:OneSignal:4.4.0] AndroidManifest.xml:42:22-70
45    <uses-permission android:name="com.oppo.launcher.permission.READ_SETTINGS" />
45-->[com.onesignal:OneSignal:4.4.0] AndroidManifest.xml:43:5-82
45-->[com.onesignal:OneSignal:4.4.0] AndroidManifest.xml:43:22-79
46    <uses-permission android:name="com.oppo.launcher.permission.WRITE_SETTINGS" /> <!-- EvMe -->
46-->[com.onesignal:OneSignal:4.4.0] AndroidManifest.xml:44:5-83
46-->[com.onesignal:OneSignal:4.4.0] AndroidManifest.xml:44:22-80
47    <uses-permission android:name="me.everything.badger.permission.BADGE_COUNT_READ" />
47-->[com.onesignal:OneSignal:4.4.0] AndroidManifest.xml:45:5-88
47-->[com.onesignal:OneSignal:4.4.0] AndroidManifest.xml:45:22-85
48    <uses-permission android:name="me.everything.badger.permission.BADGE_COUNT_WRITE" />
48-->[com.onesignal:OneSignal:4.4.0] AndroidManifest.xml:46:5-89
48-->[com.onesignal:OneSignal:4.4.0] AndroidManifest.xml:46:22-86
49    <uses-permission android:name="android.permission.FOREGROUND_SERVICE" />
49-->[androidx.work:work-runtime:2.7.0-alpha04] AndroidManifest.xml:28:5-77
49-->[androidx.work:work-runtime:2.7.0-alpha04] AndroidManifest.xml:28:22-74
50
51    <application
51-->src/main/AndroidManifest.xml:3:4-40:19
52        android:appComponentFactory="androidx.core.app.CoreComponentFactory"
52-->[androidx.core:core:1.6.0-beta02] AndroidManifest.xml:24:18-86
53        android:icon="@mipmap/ic_launcher"
53-->src/main/AndroidManifest.xml:5:9-43
54        android:label="onesignalflutter" >
54-->src/main/AndroidManifest.xml:4:9-41
55        <activity
55-->src/main/AndroidManifest.xml:6:9-34:20
56            android:name="com.alhasani.onesignalflutter.MainActivity"
56-->src/main/AndroidManifest.xml:7:13-41
57            android:configChanges="orientation|keyboardHidden|keyboard|screenSize|smallestScreenSize|locale|layoutDirection|fontScale|screenLayout|density|uiMode"
57-->src/main/AndroidManifest.xml:10:13-163
58            android:hardwareAccelerated="true"
58-->src/main/AndroidManifest.xml:11:13-47
59            android:launchMode="singleTop"
59-->src/main/AndroidManifest.xml:8:13-43
60            android:theme="@style/LaunchTheme"
60-->src/main/AndroidManifest.xml:9:13-47
61            android:windowSoftInputMode="adjustResize" >
61-->src/main/AndroidManifest.xml:12:13-55
62
63            <!--
64                 Specifies an Android theme to apply to this Activity as soon as
65                 the Android process has started. This theme is visible to the user
66                 while the Flutter UI initializes. After that, this theme continues
67                 to determine the Window background behind the Flutter UI.
68            -->
69            <meta-data
69-->src/main/AndroidManifest.xml:17:13-20:17
70                android:name="io.flutter.embedding.android.NormalTheme"
70-->src/main/AndroidManifest.xml:18:15-70
71                android:resource="@style/NormalTheme" />
71-->src/main/AndroidManifest.xml:19:15-52
72            <!--
73                 Displays an Android View that continues showing the launch screen
74                 Drawable until Flutter paints its first frame, then this splash
75                 screen fades out. A splash screen is useful to avoid any visual
76                 gap between the end of Android's launch screen and the painting of
77                 Flutter's first frame.
78            -->
79            <meta-data
79-->src/main/AndroidManifest.xml:26:13-29:17
80                android:name="io.flutter.embedding.android.SplashScreenDrawable"
80-->src/main/AndroidManifest.xml:27:15-79
81                android:resource="@drawable/launch_background" />
81-->src/main/AndroidManifest.xml:28:15-61
82
83            <intent-filter>
83-->src/main/AndroidManifest.xml:30:13-33:29
84                <action android:name="android.intent.action.MAIN" />
84-->src/main/AndroidManifest.xml:31:17-68
84-->src/main/AndroidManifest.xml:31:25-66
85
86                <category android:name="android.intent.category.LAUNCHER" />
86-->src/main/AndroidManifest.xml:32:17-76
86-->src/main/AndroidManifest.xml:32:27-74
87            </intent-filter>
88        </activity>
89        <!--
90             Don't delete the meta-data below.
91             This is used by the Flutter tool to generate GeneratedPluginRegistrant.java
92        -->
93        <meta-data
93-->src/main/AndroidManifest.xml:37:9-39:33
94            android:name="flutterEmbedding"
94-->src/main/AndroidManifest.xml:38:13-44
95            android:value="2" />
95-->src/main/AndroidManifest.xml:39:13-30
96
97        <receiver
97-->[com.onesignal:OneSignal:4.4.0] AndroidManifest.xml:49:9-59:20
98            android:name="com.onesignal.FCMBroadcastReceiver"
98-->[com.onesignal:OneSignal:4.4.0] AndroidManifest.xml:50:13-62
99            android:permission="com.google.android.c2dm.permission.SEND" >
99-->[com.onesignal:OneSignal:4.4.0] AndroidManifest.xml:51:13-73
100
101            <!-- High priority so OneSignal payloads can be filtered from other FCM receivers -->
102            <intent-filter android:priority="999" >
102-->[com.onesignal:OneSignal:4.4.0] AndroidManifest.xml:54:13-58:29
102-->[com.onesignal:OneSignal:4.4.0] AndroidManifest.xml:54:28-50
103                <action android:name="com.google.android.c2dm.intent.RECEIVE" />
103-->[com.onesignal:OneSignal:4.4.0] AndroidManifest.xml:55:17-81
103-->[com.onesignal:OneSignal:4.4.0] AndroidManifest.xml:55:25-78
104
105                <category android:name="com.alhasani.onesignalflutter" />
105-->[com.onesignal:OneSignal:4.4.0] AndroidManifest.xml:57:17-61
105-->[com.onesignal:OneSignal:4.4.0] AndroidManifest.xml:57:27-58
106            </intent-filter>
107        </receiver>
108
109        <service
109-->[com.onesignal:OneSignal:4.4.0] AndroidManifest.xml:61:9-67:19
110            android:name="com.onesignal.HmsMessageServiceOneSignal"
110-->[com.onesignal:OneSignal:4.4.0] AndroidManifest.xml:62:13-68
111            android:exported="false" >
111-->[com.onesignal:OneSignal:4.4.0] AndroidManifest.xml:63:13-37
112            <intent-filter>
112-->[com.onesignal:OneSignal:4.4.0] AndroidManifest.xml:64:13-66:29
113                <action android:name="com.huawei.push.action.MESSAGING_EVENT" />
113-->[com.onesignal:OneSignal:4.4.0] AndroidManifest.xml:65:17-81
113-->[com.onesignal:OneSignal:4.4.0] AndroidManifest.xml:65:25-78
114            </intent-filter>
115        </service>
116
117        <activity
117-->[com.onesignal:OneSignal:4.4.0] AndroidManifest.xml:69:9-76:20
118            android:name="com.onesignal.NotificationOpenedActivityHMS"
118-->[com.onesignal:OneSignal:4.4.0] AndroidManifest.xml:70:13-71
119            android:noHistory="true"
119-->[com.onesignal:OneSignal:4.4.0] AndroidManifest.xml:71:13-37
120            android:theme="@android:style/Theme.Translucent.NoTitleBar" >
120-->[com.onesignal:OneSignal:4.4.0] AndroidManifest.xml:72:13-72
121            <intent-filter>
121-->[com.onesignal:OneSignal:4.4.0] AndroidManifest.xml:73:13-75:29
122                <action android:name="android.intent.action.VIEW" />
122-->[com.onesignal:OneSignal:4.4.0] AndroidManifest.xml:74:17-69
122-->[com.onesignal:OneSignal:4.4.0] AndroidManifest.xml:74:25-66
123            </intent-filter>
124        </activity>
125
126        <service android:name="com.onesignal.FCMIntentService" />
126-->[com.onesignal:OneSignal:4.4.0] AndroidManifest.xml:78:9-66
126-->[com.onesignal:OneSignal:4.4.0] AndroidManifest.xml:78:18-63
127        <service
127-->[com.onesignal:OneSignal:4.4.0] AndroidManifest.xml:79:9-81:72
128            android:name="com.onesignal.FCMIntentJobService"
128-->[com.onesignal:OneSignal:4.4.0] AndroidManifest.xml:80:13-61
129            android:permission="android.permission.BIND_JOB_SERVICE" />
129-->[com.onesignal:OneSignal:4.4.0] AndroidManifest.xml:81:13-69
130        <service
130-->[com.onesignal:OneSignal:4.4.0] AndroidManifest.xml:82:9-84:43
131            android:name="com.onesignal.FocusDelaySyncService"
131-->[com.onesignal:OneSignal:4.4.0] AndroidManifest.xml:83:13-63
132            android:stopWithTask="true" />
132-->[com.onesignal:OneSignal:4.4.0] AndroidManifest.xml:84:13-40
133        <service
133-->[com.onesignal:OneSignal:4.4.0] AndroidManifest.xml:85:9-87:72
134            android:name="com.onesignal.FocusDelaySyncJobService"
134-->[com.onesignal:OneSignal:4.4.0] AndroidManifest.xml:86:13-66
135            android:permission="android.permission.BIND_JOB_SERVICE" />
135-->[com.onesignal:OneSignal:4.4.0] AndroidManifest.xml:87:13-69
136        <service
136-->[com.onesignal:OneSignal:4.4.0] AndroidManifest.xml:88:9-90:43
137            android:name="com.onesignal.SyncService"
137-->[com.onesignal:OneSignal:4.4.0] AndroidManifest.xml:89:13-53
138            android:stopWithTask="true" />
138-->[com.onesignal:OneSignal:4.4.0] AndroidManifest.xml:90:13-40
139        <service
139-->[com.onesignal:OneSignal:4.4.0] AndroidManifest.xml:91:9-93:72
140            android:name="com.onesignal.SyncJobService"
140-->[com.onesignal:OneSignal:4.4.0] AndroidManifest.xml:92:13-56
141            android:permission="android.permission.BIND_JOB_SERVICE" />
141-->[com.onesignal:OneSignal:4.4.0] AndroidManifest.xml:93:13-69
142
143        <activity
143-->[com.onesignal:OneSignal:4.4.0] AndroidManifest.xml:95:9-97:75
144            android:name="com.onesignal.PermissionsActivity"
144-->[com.onesignal:OneSignal:4.4.0] AndroidManifest.xml:96:13-61
145            android:theme="@android:style/Theme.Translucent.NoTitleBar" />
145-->[com.onesignal:OneSignal:4.4.0] AndroidManifest.xml:97:13-72
146
147        <receiver android:name="com.onesignal.NotificationDismissReceiver" />
147-->[com.onesignal:OneSignal:4.4.0] AndroidManifest.xml:99:9-78
147-->[com.onesignal:OneSignal:4.4.0] AndroidManifest.xml:99:19-75
148        <receiver android:name="com.onesignal.BootUpReceiver" >
148-->[com.onesignal:OneSignal:4.4.0] AndroidManifest.xml:100:9-105:20
148-->[com.onesignal:OneSignal:4.4.0] AndroidManifest.xml:100:19-62
149            <intent-filter>
149-->[com.onesignal:OneSignal:4.4.0] AndroidManifest.xml:101:13-104:29
150                <action android:name="android.intent.action.BOOT_COMPLETED" />
150-->[com.onesignal:OneSignal:4.4.0] AndroidManifest.xml:102:17-79
150-->[com.onesignal:OneSignal:4.4.0] AndroidManifest.xml:102:25-76
151                <action android:name="android.intent.action.QUICKBOOT_POWERON" />
151-->[com.onesignal:OneSignal:4.4.0] AndroidManifest.xml:103:17-82
151-->[com.onesignal:OneSignal:4.4.0] AndroidManifest.xml:103:25-79
152            </intent-filter>
153        </receiver>
154        <receiver android:name="com.onesignal.UpgradeReceiver" >
154-->[com.onesignal:OneSignal:4.4.0] AndroidManifest.xml:106:9-110:20
154-->[com.onesignal:OneSignal:4.4.0] AndroidManifest.xml:106:19-63
155            <intent-filter>
155-->[com.onesignal:OneSignal:4.4.0] AndroidManifest.xml:107:13-109:29
156                <action android:name="android.intent.action.MY_PACKAGE_REPLACED" />
156-->[com.onesignal:OneSignal:4.4.0] AndroidManifest.xml:108:17-84
156-->[com.onesignal:OneSignal:4.4.0] AndroidManifest.xml:108:25-81
157            </intent-filter>
158        </receiver>
159
160        <activity
160-->[com.onesignal:OneSignal:4.4.0] AndroidManifest.xml:112:9-115:75
161            android:name="com.onesignal.NotificationOpenedReceiver"
161-->[com.onesignal:OneSignal:4.4.0] AndroidManifest.xml:113:13-68
162            android:noHistory="true"
162-->[com.onesignal:OneSignal:4.4.0] AndroidManifest.xml:114:13-37
163            android:theme="@android:style/Theme.Translucent.NoTitleBar" />
163-->[com.onesignal:OneSignal:4.4.0] AndroidManifest.xml:115:13-72
164        <!--
165             FirebaseMessagingService performs security checks at runtime,
166             but set to not exported to explicitly avoid allowing another app to call it.
167        -->
168        <service
168-->[com.google.firebase:firebase-messaging:19.0.0] AndroidManifest.xml:28:9-34:19
169            android:name="com.google.firebase.messaging.FirebaseMessagingService"
169-->[com.google.firebase:firebase-messaging:19.0.0] AndroidManifest.xml:29:13-82
170            android:exported="false" >
170-->[com.google.firebase:firebase-messaging:19.0.0] AndroidManifest.xml:30:13-37
171            <intent-filter android:priority="-500" >
171-->[com.google.firebase:firebase-messaging:19.0.0] AndroidManifest.xml:31:13-33:29
171-->[com.google.firebase:firebase-messaging:19.0.0] AndroidManifest.xml:31:28-51
172                <action android:name="com.google.firebase.MESSAGING_EVENT" />
172-->[com.google.firebase:firebase-messaging:19.0.0] AndroidManifest.xml:32:17-78
172-->[com.google.firebase:firebase-messaging:19.0.0] AndroidManifest.xml:32:25-75
173            </intent-filter>
174        </service>
175
176        <provider
176-->[androidx.work:work-runtime:2.7.0-alpha04] AndroidManifest.xml:31:9-39:20
177            android:name="androidx.startup.InitializationProvider"
177-->[androidx.work:work-runtime:2.7.0-alpha04] AndroidManifest.xml:32:13-67
178            android:authorities="com.alhasani.onesignalflutter.androidx-startup"
178-->[androidx.work:work-runtime:2.7.0-alpha04] AndroidManifest.xml:33:13-68
179            android:exported="false" >
179-->[androidx.work:work-runtime:2.7.0-alpha04] AndroidManifest.xml:34:13-37
180            <meta-data
180-->[androidx.work:work-runtime:2.7.0-alpha04] AndroidManifest.xml:36:13-38:52
181                android:name="androidx.work.WorkManagerInitializer"
181-->[androidx.work:work-runtime:2.7.0-alpha04] AndroidManifest.xml:37:17-68
182                android:value="androidx.startup" />
182-->[androidx.work:work-runtime:2.7.0-alpha04] AndroidManifest.xml:38:17-49
183            <meta-data
183-->[androidx.emoji2:emoji2:1.0.0-alpha02] AndroidManifest.xml:31:13-33:52
184                android:name="androidx.emoji2.text.EmojiCompatInitializer"
184-->[androidx.emoji2:emoji2:1.0.0-alpha02] AndroidManifest.xml:32:17-75
185                android:value="androidx.startup" />
185-->[androidx.emoji2:emoji2:1.0.0-alpha02] AndroidManifest.xml:33:17-49
186        </provider>
187
188        <service
188-->[androidx.work:work-runtime:2.7.0-alpha04] AndroidManifest.xml:41:9-46:35
189            android:name="androidx.work.impl.background.systemalarm.SystemAlarmService"
189-->[androidx.work:work-runtime:2.7.0-alpha04] AndroidManifest.xml:42:13-88
190            android:directBootAware="false"
190-->[androidx.work:work-runtime:2.7.0-alpha04] AndroidManifest.xml:43:13-44
191            android:enabled="@bool/enable_system_alarm_service_default"
191-->[androidx.work:work-runtime:2.7.0-alpha04] AndroidManifest.xml:44:13-72
192            android:exported="false" />
192-->[androidx.work:work-runtime:2.7.0-alpha04] AndroidManifest.xml:45:13-37
193        <service
193-->[androidx.work:work-runtime:2.7.0-alpha04] AndroidManifest.xml:47:9-53:35
194            android:name="androidx.work.impl.background.systemjob.SystemJobService"
194-->[androidx.work:work-runtime:2.7.0-alpha04] AndroidManifest.xml:48:13-84
195            android:directBootAware="false"
195-->[androidx.work:work-runtime:2.7.0-alpha04] AndroidManifest.xml:49:13-44
196            android:enabled="@bool/enable_system_job_service_default"
196-->[androidx.work:work-runtime:2.7.0-alpha04] AndroidManifest.xml:50:13-70
197            android:exported="true"
197-->[androidx.work:work-runtime:2.7.0-alpha04] AndroidManifest.xml:51:13-36
198            android:permission="android.permission.BIND_JOB_SERVICE" />
198-->[androidx.work:work-runtime:2.7.0-alpha04] AndroidManifest.xml:52:13-69
199        <service
199-->[androidx.work:work-runtime:2.7.0-alpha04] AndroidManifest.xml:54:9-59:35
200            android:name="androidx.work.impl.foreground.SystemForegroundService"
200-->[androidx.work:work-runtime:2.7.0-alpha04] AndroidManifest.xml:55:13-81
201            android:directBootAware="false"
201-->[androidx.work:work-runtime:2.7.0-alpha04] AndroidManifest.xml:56:13-44
202            android:enabled="@bool/enable_system_foreground_service_default"
202-->[androidx.work:work-runtime:2.7.0-alpha04] AndroidManifest.xml:57:13-77
203            android:exported="false" />
203-->[androidx.work:work-runtime:2.7.0-alpha04] AndroidManifest.xml:58:13-37
204
205        <receiver
205-->[androidx.work:work-runtime:2.7.0-alpha04] AndroidManifest.xml:61:9-66:35
206            android:name="androidx.work.impl.utils.ForceStopRunnable$BroadcastReceiver"
206-->[androidx.work:work-runtime:2.7.0-alpha04] AndroidManifest.xml:62:13-88
207            android:directBootAware="false"
207-->[androidx.work:work-runtime:2.7.0-alpha04] AndroidManifest.xml:63:13-44
208            android:enabled="true"
208-->[androidx.work:work-runtime:2.7.0-alpha04] AndroidManifest.xml:64:13-35
209            android:exported="false" />
209-->[androidx.work:work-runtime:2.7.0-alpha04] AndroidManifest.xml:65:13-37
210        <receiver
210-->[androidx.work:work-runtime:2.7.0-alpha04] AndroidManifest.xml:67:9-77:20
211            android:name="androidx.work.impl.background.systemalarm.ConstraintProxy$BatteryChargingProxy"
211-->[androidx.work:work-runtime:2.7.0-alpha04] AndroidManifest.xml:68:13-106
212            android:directBootAware="false"
212-->[androidx.work:work-runtime:2.7.0-alpha04] AndroidManifest.xml:69:13-44
213            android:enabled="false"
213-->[androidx.work:work-runtime:2.7.0-alpha04] AndroidManifest.xml:70:13-36
214            android:exported="false" >
214-->[androidx.work:work-runtime:2.7.0-alpha04] AndroidManifest.xml:71:13-37
215            <intent-filter>
215-->[androidx.work:work-runtime:2.7.0-alpha04] AndroidManifest.xml:73:13-76:29
216                <action android:name="android.intent.action.ACTION_POWER_CONNECTED" />
216-->[androidx.work:work-runtime:2.7.0-alpha04] AndroidManifest.xml:74:17-87
216-->[androidx.work:work-runtime:2.7.0-alpha04] AndroidManifest.xml:74:25-84
217                <action android:name="android.intent.action.ACTION_POWER_DISCONNECTED" />
217-->[androidx.work:work-runtime:2.7.0-alpha04] AndroidManifest.xml:75:17-90
217-->[androidx.work:work-runtime:2.7.0-alpha04] AndroidManifest.xml:75:25-87
218            </intent-filter>
219        </receiver>
220        <receiver
220-->[androidx.work:work-runtime:2.7.0-alpha04] AndroidManifest.xml:78:9-88:20
221            android:name="androidx.work.impl.background.systemalarm.ConstraintProxy$BatteryNotLowProxy"
221-->[androidx.work:work-runtime:2.7.0-alpha04] AndroidManifest.xml:79:13-104
222            android:directBootAware="false"
222-->[androidx.work:work-runtime:2.7.0-alpha04] AndroidManifest.xml:80:13-44
223            android:enabled="false"
223-->[androidx.work:work-runtime:2.7.0-alpha04] AndroidManifest.xml:81:13-36
224            android:exported="false" >
224-->[androidx.work:work-runtime:2.7.0-alpha04] AndroidManifest.xml:82:13-37
225            <intent-filter>
225-->[androidx.work:work-runtime:2.7.0-alpha04] AndroidManifest.xml:84:13-87:29
226                <action android:name="android.intent.action.BATTERY_OKAY" />
226-->[androidx.work:work-runtime:2.7.0-alpha04] AndroidManifest.xml:85:17-77
226-->[androidx.work:work-runtime:2.7.0-alpha04] AndroidManifest.xml:85:25-74
227                <action android:name="android.intent.action.BATTERY_LOW" />
227-->[androidx.work:work-runtime:2.7.0-alpha04] AndroidManifest.xml:86:17-76
227-->[androidx.work:work-runtime:2.7.0-alpha04] AndroidManifest.xml:86:25-73
228            </intent-filter>
229        </receiver>
230        <receiver
230-->[androidx.work:work-runtime:2.7.0-alpha04] AndroidManifest.xml:89:9-99:20
231            android:name="androidx.work.impl.background.systemalarm.ConstraintProxy$StorageNotLowProxy"
231-->[androidx.work:work-runtime:2.7.0-alpha04] AndroidManifest.xml:90:13-104
232            android:directBootAware="false"
232-->[androidx.work:work-runtime:2.7.0-alpha04] AndroidManifest.xml:91:13-44
233            android:enabled="false"
233-->[androidx.work:work-runtime:2.7.0-alpha04] AndroidManifest.xml:92:13-36
234            android:exported="false" >
234-->[androidx.work:work-runtime:2.7.0-alpha04] AndroidManifest.xml:93:13-37
235            <intent-filter>
235-->[androidx.work:work-runtime:2.7.0-alpha04] AndroidManifest.xml:95:13-98:29
236                <action android:name="android.intent.action.DEVICE_STORAGE_LOW" />
236-->[androidx.work:work-runtime:2.7.0-alpha04] AndroidManifest.xml:96:17-83
236-->[androidx.work:work-runtime:2.7.0-alpha04] AndroidManifest.xml:96:25-80
237                <action android:name="android.intent.action.DEVICE_STORAGE_OK" />
237-->[androidx.work:work-runtime:2.7.0-alpha04] AndroidManifest.xml:97:17-82
237-->[androidx.work:work-runtime:2.7.0-alpha04] AndroidManifest.xml:97:25-79
238            </intent-filter>
239        </receiver>
240        <receiver
240-->[androidx.work:work-runtime:2.7.0-alpha04] AndroidManifest.xml:100:9-109:20
241            android:name="androidx.work.impl.background.systemalarm.ConstraintProxy$NetworkStateProxy"
241-->[androidx.work:work-runtime:2.7.0-alpha04] AndroidManifest.xml:101:13-103
242            android:directBootAware="false"
242-->[androidx.work:work-runtime:2.7.0-alpha04] AndroidManifest.xml:102:13-44
243            android:enabled="false"
243-->[androidx.work:work-runtime:2.7.0-alpha04] AndroidManifest.xml:103:13-36
244            android:exported="false" >
244-->[androidx.work:work-runtime:2.7.0-alpha04] AndroidManifest.xml:104:13-37
245            <intent-filter>
245-->[androidx.work:work-runtime:2.7.0-alpha04] AndroidManifest.xml:106:13-108:29
246                <action android:name="android.net.conn.CONNECTIVITY_CHANGE" />
246-->[androidx.work:work-runtime:2.7.0-alpha04] AndroidManifest.xml:107:17-79
246-->[androidx.work:work-runtime:2.7.0-alpha04] AndroidManifest.xml:107:25-76
247            </intent-filter>
248        </receiver>
249        <receiver
249-->[androidx.work:work-runtime:2.7.0-alpha04] AndroidManifest.xml:110:9-121:20
250            android:name="androidx.work.impl.background.systemalarm.RescheduleReceiver"
250-->[androidx.work:work-runtime:2.7.0-alpha04] AndroidManifest.xml:111:13-88
251            android:directBootAware="false"
251-->[androidx.work:work-runtime:2.7.0-alpha04] AndroidManifest.xml:112:13-44
252            android:enabled="false"
252-->[androidx.work:work-runtime:2.7.0-alpha04] AndroidManifest.xml:113:13-36
253            android:exported="false" >
253-->[androidx.work:work-runtime:2.7.0-alpha04] AndroidManifest.xml:114:13-37
254            <intent-filter>
254-->[androidx.work:work-runtime:2.7.0-alpha04] AndroidManifest.xml:116:13-120:29
255                <action android:name="android.intent.action.BOOT_COMPLETED" />
255-->[com.onesignal:OneSignal:4.4.0] AndroidManifest.xml:102:17-79
255-->[com.onesignal:OneSignal:4.4.0] AndroidManifest.xml:102:25-76
256                <action android:name="android.intent.action.TIME_SET" />
256-->[androidx.work:work-runtime:2.7.0-alpha04] AndroidManifest.xml:118:17-73
256-->[androidx.work:work-runtime:2.7.0-alpha04] AndroidManifest.xml:118:25-70
257                <action android:name="android.intent.action.TIMEZONE_CHANGED" />
257-->[androidx.work:work-runtime:2.7.0-alpha04] AndroidManifest.xml:119:17-81
257-->[androidx.work:work-runtime:2.7.0-alpha04] AndroidManifest.xml:119:25-78
258            </intent-filter>
259        </receiver>
260        <receiver
260-->[androidx.work:work-runtime:2.7.0-alpha04] AndroidManifest.xml:122:9-131:20
261            android:name="androidx.work.impl.background.systemalarm.ConstraintProxyUpdateReceiver"
261-->[androidx.work:work-runtime:2.7.0-alpha04] AndroidManifest.xml:123:13-99
262            android:directBootAware="false"
262-->[androidx.work:work-runtime:2.7.0-alpha04] AndroidManifest.xml:124:13-44
263            android:enabled="@bool/enable_system_alarm_service_default"
263-->[androidx.work:work-runtime:2.7.0-alpha04] AndroidManifest.xml:125:13-72
264            android:exported="false" >
264-->[androidx.work:work-runtime:2.7.0-alpha04] AndroidManifest.xml:126:13-37
265            <intent-filter>
265-->[androidx.work:work-runtime:2.7.0-alpha04] AndroidManifest.xml:128:13-130:29